{"/Users/nsardo/Desktop/projects/nodejs/chefsteps/doAlg.js":{"path":"/Users/nsardo/Desktop/projects/nodejs/chefsteps/doAlg.js","s":{"1":1,"2":1,"3":1,"4":1,"5":2,"6":2,"7":2,"8":2,"9":200200,"10":432,"11":199768,"12":2,"13":2,"14":1,"15":1,"16":1,"17":216,"18":216,"19":216,"20":216,"21":1,"22":1,"23":1,"24":1},"b":{"1":[432,199768],"2":[216,0]},"f":{"1":2,"2":200200,"3":2,"4":1},"fnMap":{"1":{"name":"(anonymous_1)","line":23,"loc":{"start":{"line":23,"column":27},"end":{"line":23,"column":46}}},"2":{"name":"(anonymous_2)","line":25,"loc":{"start":{"line":25,"column":32},"end":{"line":25,"column":48}}},"3":{"name":"(anonymous_3)","line":33,"loc":{"start":{"line":33,"column":34},"end":{"line":33,"column":44}}},"4":{"name":"(anonymous_4)","line":46,"loc":{"start":{"line":46,"column":29},"end":{"line":46,"column":48}}}},"statementMap":{"1":{"start":{"line":7,"column":0},"end":{"line":7,"column":40}},"2":{"start":{"line":8,"column":0},"end":{"line":8,"column":34}},"3":{"start":{"line":9,"column":0},"end":{"line":9,"column":36}},"4":{"start":{"line":10,"column":0},"end":{"line":67,"column":1}},"5":{"start":{"line":19,"column":8},"end":{"line":22,"column":15}},"6":{"start":{"line":23,"column":8},"end":{"line":36,"column":11}},"7":{"start":{"line":24,"column":10},"end":{"line":24,"column":32}},"8":{"start":{"line":25,"column":10},"end":{"line":31,"column":13}},"9":{"start":{"line":26,"column":12},"end":{"line":30,"column":13}},"10":{"start":{"line":27,"column":14},"end":{"line":27,"column":29}},"11":{"start":{"line":29,"column":14},"end":{"line":29,"column":27}},"12":{"start":{"line":33,"column":10},"end":{"line":35,"column":13}},"13":{"start":{"line":34,"column":12},"end":{"line":34,"column":28}},"14":{"start":{"line":46,"column":10},"end":{"line":65,"column":13}},"15":{"start":{"line":47,"column":12},"end":{"line":52,"column":57}},"16":{"start":{"line":54,"column":12},"end":{"line":60,"column":13}},"17":{"start":{"line":55,"column":14},"end":{"line":59,"column":15}},"18":{"start":{"line":56,"column":16},"end":{"line":56,"column":49}},"19":{"start":{"line":57,"column":16},"end":{"line":57,"column":45}},"20":{"start":{"line":58,"column":16},"end":{"line":58,"column":25}},"21":{"start":{"line":61,"column":12},"end":{"line":61,"column":26}},"22":{"start":{"line":62,"column":12},"end":{"line":62,"column":26}},"23":{"start":{"line":63,"column":12},"end":{"line":63,"column":22}},"24":{"start":{"line":64,"column":12},"end":{"line":64,"column":37}}},"branchMap":{"1":{"line":26,"type":"if","locations":[{"start":{"line":26,"column":12},"end":{"line":26,"column":12}},{"start":{"line":26,"column":12},"end":{"line":26,"column":12}}]},"2":{"line":55,"type":"if","locations":[{"start":{"line":55,"column":14},"end":{"line":55,"column":14}},{"start":{"line":55,"column":14},"end":{"line":55,"column":14}}]}}}}