TN:
SF:/Users/nsardo/Desktop/projects/nodejs/chefsteps/doAlg.js
FN:23,(anonymous_1)
FN:25,(anonymous_2)
FN:33,(anonymous_3)
FN:46,(anonymous_4)
FNF:4
FNH:4
FNDA:2,(anonymous_1)
FNDA:200200,(anonymous_2)
FNDA:2,(anonymous_3)
FNDA:1,(anonymous_4)
DA:7,1
DA:8,1
DA:9,1
DA:10,1
DA:19,2
DA:23,2
DA:24,2
DA:25,2
DA:26,200200
DA:27,432
DA:29,199768
DA:33,2
DA:34,2
DA:46,1
DA:47,1
DA:54,1
DA:55,216
DA:56,216
DA:57,216
DA:58,216
DA:61,1
DA:62,1
DA:63,1
DA:64,1
LF:24
LH:24
BRDA:26,1,0,432
BRDA:26,1,1,199768
BRDA:55,2,0,216
BRDA:55,2,1,0
BRF:4
BRH:3
end_of_record
